<?xml version="1.0" encoding="UTF-8"?>
<testsuite name="Library.LibraryTest" tests="4" skipped="0" failures="0" errors="0" timestamp="2021-03-11T20:40:20" hostname="Chants-Mac" time="0.006">
  <properties/>
  <testcase name="testLineCount" classname="Library.LibraryTest" time="0.004"/>
  <testcase name="testMostUsedLetter" classname="Library.LibraryTest" time="0.001"/>
  <testcase name="testAverageLetters" classname="Library.LibraryTest" time="0.0"/>
  <testcase name="testWordCount" classname="Library.LibraryTest" time="0.0"/>
  <system-out><![CDATA[File doesn't exist
File doesn't exist
File doesn't exist
File doesn't exist
]]></system-out>
  <system-err><![CDATA[]]></system-err>
</testsuite>
